Using pre-set license
Built from '2022.3/staging' branch; Version is '2022.3.10f1 (ff3792e53c62) revision 16725906'; Using compiler version '192829333'; Build Type 'Release'
OS: 'Windows 10  (10.0.19045) 64bit Professional' Language: 'ru' Physical Memory: 15557 MB
BatchMode: 1, IsHumanControllingUs: 0, StartBugReporterOnCrash: 0, Is64bit: 1, IsPro: 1

COMMAND LINE ARGUMENTS:
C:\Program Files\Unity\Hub\Editor\2022.3.10f1\Editor\Unity.exe
-adb2
-batchMode
-noUpm
-name
AssetImportWorker1
-projectPath
C:/Users/Ivan/Documents/GitHub/SafestWay_KenneyJam2021
-logFile
Logs/AssetImportWorker1.log
-srvPort
52632
Successfully changed project path to: C:/Users/Ivan/Documents/GitHub/SafestWay_KenneyJam2021
C:/Users/Ivan/Documents/GitHub/SafestWay_KenneyJam2021
[UnityMemory] Configuration Parameters - Can be set up in boot.config
    "memorysetup-bucket-allocator-granularity=16"
    "memorysetup-bucket-allocator-bucket-count=8"
    "memorysetup-bucket-allocator-block-size=33554432"
    "memorysetup-bucket-allocator-block-count=8"
    "memorysetup-main-allocator-block-size=16777216"
    "memorysetup-thread-allocator-block-size=16777216"
    "memorysetup-gfx-main-allocator-block-size=16777216"
    "memorysetup-gfx-thread-allocator-block-size=16777216"
    "memorysetup-cache-allocator-block-size=4194304"
    "memorysetup-typetree-allocator-block-size=2097152"
    "memorysetup-profiler-bucket-allocator-granularity=16"
    "memorysetup-profiler-bucket-allocator-bucket-count=8"
    "memorysetup-profiler-bucket-allocator-block-size=33554432"
    "memorysetup-profiler-bucket-allocator-block-count=8"
    "memorysetup-profiler-allocator-block-size=16777216"
    "memorysetup-profiler-editor-allocator-block-size=1048576"
    "memorysetup-temp-allocator-size-main=16777216"
    "memorysetup-job-temp-allocator-block-size=2097152"
    "memorysetup-job-temp-allocator-block-size-background=1048576"
    "memorysetup-job-temp-allocator-reduction-small-platforms=262144"
    "memorysetup-allocator-temp-initial-block-size-main=262144"
    "memorysetup-allocator-temp-initial-block-size-worker=262144"
    "memorysetup-temp-allocator-size-background-worker=32768"
    "memorysetup-temp-allocator-size-job-worker=262144"
    "memorysetup-temp-allocator-size-preload-manager=33554432"
    "memorysetup-temp-allocator-size-nav-mesh-worker=65536"
    "memorysetup-temp-allocator-size-audio-worker=65536"
    "memorysetup-temp-allocator-size-cloud-worker=32768"
    "memorysetup-temp-allocator-size-gi-baking-worker=262144"
    "memorysetup-temp-allocator-size-gfx=262144"
Player connection [9136] Host "[IP] 192.168.1.36 [Port] 0 [Flags] 2 [Guid] 2654931475 [EditorId] 2654931475 [Version] 1048832 [Id] WindowsEditor(7,DESKTOP-O6V64EV) [Debug] 1 [PackageName] WindowsEditor [ProjectName] Editor" joined multi-casting on [225.0.0.222:54997]...

Player connection [9136] Host "[IP] 192.168.1.36 [Port] 0 [Flags] 2 [Guid] 2654931475 [EditorId] 2654931475 [Version] 1048832 [Id] WindowsEditor(7,DESKTOP-O6V64EV) [Debug] 1 [PackageName] WindowsEditor [ProjectName] Editor" joined alternative multi-casting on [225.0.0.222:34997]...

[Physics::Module] Initialized MultithreadedJobDispatcher with 15 workers.
Refreshing native plugins compatible for Editor in 8.94 ms, found 3 plugins.
Preloading 0 native plugins for Editor in 0.00 ms.
Initialize engine version: 2022.3.10f1 (ff3792e53c62)
[Subsystems] Discovering subsystems at path C:/Program Files/Unity/Hub/Editor/2022.3.10f1/Editor/Data/Resources/UnitySubsystems
[Subsystems] Discovering subsystems at path C:/Users/Ivan/Documents/GitHub/SafestWay_KenneyJam2021/Assets
GfxDevice: creating device client; threaded=0; jobified=0
Direct3D:
    Version:  Direct3D 11.0 [level 11.1]
    Renderer: NVIDIA GeForce RTX 3060 Laptop GPU (ID=0x2520)
    Vendor:   NVIDIA
    VRAM:     6010 MB
    Driver:   31.0.15.4584
Initialize mono
Mono path[0] = 'C:/Program Files/Unity/Hub/Editor/2022.3.10f1/Editor/Data/Managed'
Mono path[1] = 'C:/Program Files/Unity/Hub/Editor/2022.3.10f1/Editor/Data/MonoBleedingEdge/lib/mono/unityjit-win32'
Mono config path = 'C:/Program Files/Unity/Hub/Editor/2022.3.10f1/Editor/Data/MonoBleedingEdge/etc'
Using monoOptions --debugger-agent=transport=dt_socket,embedding=1,server=y,suspend=n,address=127.0.0.1:56964
Begin MonoManager ReloadAssembly
Registering precompiled unity dll's ...
Register platform support module: C:/Program Files/Unity/Hub/Editor/2022.3.10f1/Editor/Data/PlaybackEngines/WebGLSupport/UnityEditor.WebGL.Extensions.dll
Register platform support module: C:/Program Files/Unity/Hub/Editor/2022.3.10f1/Editor/Data/PlaybackEngines/AndroidPlayer/UnityEditor.Android.Extensions.dll
Register platform support module: C:/Program Files/Unity/Hub/Editor/2022.3.10f1/Editor/Data/PlaybackEngines/WindowsStandaloneSupport/UnityEditor.WindowsStandalone.Extensions.dll
Registered in 0.009655 seconds.
- Loaded All Assemblies, in  0.362 seconds
Native extension for WindowsStandalone target not found
Native extension for Android target not found
Android Extension - Scanning For ADB Devices 281 ms
Native extension for WebGL target not found
Mono: successfully reloaded assembly
- Finished resetting the current domain, in  0.645 seconds
Domain Reload Profiling: 1005ms
	BeginReloadAssembly (103ms)
		ExecutionOrderSort (0ms)
		DisableScriptedObjects (0ms)
		BackupInstance (0ms)
		ReleaseScriptingObjects (0ms)
		CreateAndSetChildDomain (1ms)
	RebuildCommonClasses (32ms)
	RebuildNativeTypeToScriptingClass (9ms)
	initialDomainReloadingComplete (57ms)
	LoadAllAssembliesAndSetupDomain (160ms)
		LoadAssemblies (102ms)
		RebuildTransferFunctionScriptingTraits (0ms)
		AnalyzeDomain (157ms)
			TypeCache.Refresh (156ms)
				TypeCache.ScanAssembly (144ms)
			ScanForSourceGeneratedMonoScriptInfo (0ms)
			ResolveRequiredComponents (1ms)
	FinalizeReload (645ms)
		ReleaseScriptCaches (0ms)
		RebuildScriptCaches (0ms)
		SetupLoadedEditorAssemblies (583ms)
			LogAssemblyErrors (0ms)
			InitializePlatformSupportModulesInManaged (401ms)
			SetLoadedEditorAssemblies (5ms)
			RefreshPlugins (0ms)
			BeforeProcessingInitializeOnLoad (3ms)
			ProcessInitializeOnLoadAttributes (122ms)
			ProcessInitializeOnLoadMethodAttributes (52ms)
			AfterProcessingInitializeOnLoad (0ms)
			EditorAssembliesLoaded (0ms)
		ExecutionOrderSort2 (0ms)
		AwakeInstancesAfterBackupRestoration (0ms)
========================================================================
Worker process is ready to serve import requests
Begin MonoManager ReloadAssembly
- Loaded All Assemblies, in  0.721 seconds
Refreshing native plugins compatible for Editor in 3.69 ms, found 3 plugins.
Native extension for WindowsStandalone target not found
Native extension for Android target not found
Native extension for WebGL target not found
Package Manager log level set to [2]
[Package Manager] Server::EnsureServerProcessIsRunning -- launch failed, reason: Unity was launched with the -noUpm command-line argument
[Package Manager] UpmClient::Send -- Unable to send message (not connected to UPM process).
[Package Manager] Cannot connect to Unity Package Manager local server
Mono: successfully reloaded assembly
- Finished resetting the current domain, in  0.778 seconds
Domain Reload Profiling: 1496ms
	BeginReloadAssembly (192ms)
		ExecutionOrderSort (0ms)
		DisableScriptedObjects (7ms)
		BackupInstance (0ms)
		ReleaseScriptingObjects (0ms)
		CreateAndSetChildDomain (31ms)
	RebuildCommonClasses (41ms)
	RebuildNativeTypeToScriptingClass (13ms)
	initialDomainReloadingComplete (44ms)
	LoadAllAssembliesAndSetupDomain (427ms)
		LoadAssemblies (401ms)
		RebuildTransferFunctionScriptingTraits (0ms)
		AnalyzeDomain (136ms)
			TypeCache.Refresh (114ms)
				TypeCache.ScanAssembly (98ms)
			ScanForSourceGeneratedMonoScriptInfo (17ms)
			ResolveRequiredComponents (3ms)
	FinalizeReload (778ms)
		ReleaseScriptCaches (0ms)
		RebuildScriptCaches (0ms)
		SetupLoadedEditorAssemblies (591ms)
			LogAssemblyErrors (0ms)
			InitializePlatformSupportModulesInManaged (31ms)
			SetLoadedEditorAssemblies (6ms)
			RefreshPlugins (0ms)
			BeforeProcessingInitializeOnLoad (91ms)
			ProcessInitializeOnLoadAttributes (401ms)
			ProcessInitializeOnLoadMethodAttributes (54ms)
			AfterProcessingInitializeOnLoad (8ms)
			EditorAssembliesLoaded (0ms)
		ExecutionOrderSort2 (0ms)
		AwakeInstancesAfterBackupRestoration (8ms)
Launched and connected shader compiler UnityShaderCompiler.exe after 0.06 seconds
Refreshing native plugins compatible for Editor in 3.76 ms, found 3 plugins.
Preloading 0 native plugins for Editor in 0.00 ms.
Unloading 2413 Unused Serialized files (Serialized files now loaded: 0)
Unloading 56 unused Assets / (57.8 KB). Loaded Objects now: 2887.
Memory consumption went from 108.8 MB to 108.7 MB.
Total: 4.358500 ms (FindLiveObjects: 0.265200 ms CreateObjectMapping: 0.152400 ms MarkObjects: 3.805000 ms  DeleteObjects: 0.134600 ms)

AssetImportParameters requested are different than current active one (requested -> active):
  custom:video-decoder-webm-vp8: 9c59270c3fd7afecdb556c50c9e8de78 -> 
  custom:SearchIndexIgnoredProperties: e643bd26f0fe6173181afceb89e7c659 -> 
  custom:container-demuxer-ogg: 62fdf1f143b41e24485cea50d1cbac27 -> 
  custom:AudioImporter_EditorPlatform: d09bf68614088b80899f8185d706f6e7 -> 
  custom:video-decoder-ogg-theora: a1e56fd34408186e4bbccfd4996cb3dc -> 
  custom:framework-win-MediaFoundation: 216162199b28c13a410421893ffa2e32 -> 
  custom:video-encoder-webm-vp8: eb34c28f22e8b96e1ab97ce403110664 -> 
  custom:audio-decoder-ogg-vorbis: bf7c407c2cedff20999df2af8eb42d56 -> 
  custom:CustomObjectIndexerAttribute: 756ad292c208cfabdd7b50bc23989ffe -> 
  custom:container-demuxer-webm: 4f35f7cbe854078d1ac9338744f61a02 -> 
  custom:audio-encoder-webm-vorbis: bf7c407c2cedff20999df2af8eb42d56 -> 
  custom:container-muxer-webm: aa71ff27fc2769a1b78a27578f13a17b -> 
========================================================================
Received Import Request.
  Time since last request: 276346.255302 seconds.
  path: Assets/Sprites/kenney_emotespack +-+/PNG/Vector/Style 1/emote_faceSad.png
  artifactKey: Guid(18d2af744019d9d4ca2db257f0432336) Importer(815301076,1909f56bfc062723c751e8b465ee728b)
Start importing Assets/Sprites/kenney_emotespack +-+/PNG/Vector/Style 1/emote_faceSad.png using Guid(18d2af744019d9d4ca2db257f0432336) Importer(815301076,1909f56bfc062723c751e8b465ee728b)  -> (artifact id: '47fb180a8edc10e1ab19089620800bfc') in 0.084701 seconds
Number of updated asset objects reloaded before import = 0
Number of asset objects unloaded after import = 3
========================================================================
Received Import Request.
  Time since last request: 0.000042 seconds.
  path: Assets/Sprites/kenney_emotespack +-+/PNG/Vector/Style 1/emote_hearts.png
  artifactKey: Guid(5abeb98ca012da243a743823bf8e1540) Importer(815301076,1909f56bfc062723c751e8b465ee728b)
Start importing Assets/Sprites/kenney_emotespack +-+/PNG/Vector/Style 1/emote_hearts.png using Guid(5abeb98ca012da243a743823bf8e1540) Importer(815301076,1909f56bfc062723c751e8b465ee728b)  -> (artifact id: '1e97c206e09b4b23fe9093560f291ec8') in 0.024313 seconds
Number of updated asset objects reloaded before import = 0
Number of asset objects unloaded after import = 3
========================================================================
Received Import Request.
  Time since last request: 0.000023 seconds.
  path: Assets/Sprites/kenney_emotespack +-+/PNG/Vector/Style 1/emote_cash.png
  artifactKey: Guid(68990e268ff196c49b3a148e00a40d9f) Importer(815301076,1909f56bfc062723c751e8b465ee728b)
Start importing Assets/Sprites/kenney_emotespack +-+/PNG/Vector/Style 1/emote_cash.png using Guid(68990e268ff196c49b3a148e00a40d9f) Importer(815301076,1909f56bfc062723c751e8b465ee728b)  -> (artifact id: '23e8f613d5b97463097dd743b3201aa8') in 0.022909 seconds
Number of updated asset objects reloaded before import = 0
Number of asset objects unloaded after import = 3
========================================================================
Received Import Request.
  Time since last request: 0.000020 seconds.
  path: Assets/Sprites/kenney_emotespack +-+/PNG/Vector/Style 1/emote_dots1.png
  artifactKey: Guid(a1b2b8b0b8cec6b4098cf3bd1d544568) Importer(815301076,1909f56bfc062723c751e8b465ee728b)
Start importing Assets/Sprites/kenney_emotespack +-+/PNG/Vector/Style 1/emote_dots1.png using Guid(a1b2b8b0b8cec6b4098cf3bd1d544568) Importer(815301076,1909f56bfc062723c751e8b465ee728b)  -> (artifact id: '265acf562d7cf05702bc7a33d3fa3081') in 0.024315 seconds
Number of updated asset objects reloaded before import = 0
Number of asset objects unloaded after import = 3
========================================================================
Received Import Request.
  Time since last request: 0.000020 seconds.
  path: Assets/Sprites/kenney_emotespack +-+/PNG/Vector/Style 1/emote_heartBroken.png
  artifactKey: Guid(7d7f2ae319eece24d931118587f3ae46) Importer(815301076,1909f56bfc062723c751e8b465ee728b)
Start importing Assets/Sprites/kenney_emotespack +-+/PNG/Vector/Style 1/emote_heartBroken.png using Guid(7d7f2ae319eece24d931118587f3ae46) Importer(815301076,1909f56bfc062723c751e8b465ee728b)  -> (artifact id: 'a3d1a2c3edd64ab9f414b54d8f25c20a') in 0.022811 seconds
Number of updated asset objects reloaded before import = 0
Number of asset objects unloaded after import = 3
========================================================================
Received Import Request.
  Time since last request: 0.000018 seconds.
  path: Assets/Sprites/kenney_emotespack +-+/PNG/Vector/Style 1/emote_question.png
  artifactKey: Guid(fd16e4dc5abf17d4ebcf1350072d455b) Importer(815301076,1909f56bfc062723c751e8b465ee728b)
Start importing Assets/Sprites/kenney_emotespack +-+/PNG/Vector/Style 1/emote_question.png using Guid(fd16e4dc5abf17d4ebcf1350072d455b) Importer(815301076,1909f56bfc062723c751e8b465ee728b)  -> (artifact id: 'af98cef5d6af73f7582d62f876d92ca0') in 0.023247 seconds
Number of updated asset objects reloaded before import = 0
Number of asset objects unloaded after import = 3
========================================================================
Received Import Request.
  Time since last request: 0.000017 seconds.
  path: Assets/Sprites/kenney_emotespack +-+/PNG/Vector/Style 1/emote_cross.png
  artifactKey: Guid(96ad22c4983b1cb4b808a8bcab2fe566) Importer(815301076,1909f56bfc062723c751e8b465ee728b)
Start importing Assets/Sprites/kenney_emotespack +-+/PNG/Vector/Style 1/emote_cross.png using Guid(96ad22c4983b1cb4b808a8bcab2fe566) Importer(815301076,1909f56bfc062723c751e8b465ee728b)  -> (artifact id: 'b185c0446d6f9c76e1f2a700029806bc') in 0.021513 seconds
Number of updated asset objects reloaded before import = 0
Number of asset objects unloaded after import = 3
========================================================================
Received Import Request.
  Time since last request: 0.000017 seconds.
  path: Assets/Sprites/kenney_emotespack +-+/PNG/Vector/Style 1/emote_exclamations.png
  artifactKey: Guid(95f71f73298407b4ebbecbaea019b1b2) Importer(815301076,1909f56bfc062723c751e8b465ee728b)
Start importing Assets/Sprites/kenney_emotespack +-+/PNG/Vector/Style 1/emote_exclamations.png using Guid(95f71f73298407b4ebbecbaea019b1b2) Importer(815301076,1909f56bfc062723c751e8b465ee728b)  -> (artifact id: '88dc05a72db99766002aecf8a6616eab') in 0.023596 seconds
Number of updated asset objects reloaded before import = 0
Number of asset objects unloaded after import = 3
========================================================================
Received Import Request.
  Time since last request: 0.000019 seconds.
  path: Assets/Sprites/kenney_emotespack +-+/PNG/Vector/Style 1/emote_cloud.png
  artifactKey: Guid(7d9f65d309c6b8648a8a2c1624400b86) Importer(815301076,1909f56bfc062723c751e8b465ee728b)
Start importing Assets/Sprites/kenney_emotespack +-+/PNG/Vector/Style 1/emote_cloud.png using Guid(7d9f65d309c6b8648a8a2c1624400b86) Importer(815301076,1909f56bfc062723c751e8b465ee728b)  -> (artifact id: '8e6c1702081d44baf4ba208f8ad764b0') in 0.023517 seconds
Number of updated asset objects reloaded before import = 0
Number of asset objects unloaded after import = 3
========================================================================
Received Import Request.
  Time since last request: 0.000020 seconds.
  path: Assets/Sprites/kenney_emotespack +-+/PNG/Vector/Style 1/emote_exclamation.png
  artifactKey: Guid(364ca0fa805ec2b49890f871e59fc21e) Importer(815301076,1909f56bfc062723c751e8b465ee728b)
Start importing Assets/Sprites/kenney_emotespack +-+/PNG/Vector/Style 1/emote_exclamation.png using Guid(364ca0fa805ec2b49890f871e59fc21e) Importer(815301076,1909f56bfc062723c751e8b465ee728b)  -> (artifact id: '4138190cd4ef6f24e492b220ae12e4ff') in 0.023610 seconds
Number of updated asset objects reloaded before import = 0
Number of asset objects unloaded after import = 3
========================================================================
Received Import Request.
  Time since last request: 0.000021 seconds.
  path: Assets/Sprites/kenney_emotespack +-+/PNG/Vector/Style 1/emote_sleeps.png
  artifactKey: Guid(652b2a2ccf5b4604cbc042ff6db29e88) Importer(815301076,1909f56bfc062723c751e8b465ee728b)
Start importing Assets/Sprites/kenney_emotespack +-+/PNG/Vector/Style 1/emote_sleeps.png using Guid(652b2a2ccf5b4604cbc042ff6db29e88) Importer(815301076,1909f56bfc062723c751e8b465ee728b)  -> (artifact id: '88d403fb6534a6fb2e0bd8ef90c9c488') in 0.021673 seconds
Number of updated asset objects reloaded before import = 0
Number of asset objects unloaded after import = 3
========================================================================
Received Import Request.
  Time since last request: 0.000024 seconds.
  path: Assets/Sprites/kenney_emotespack +-+/PNG/Vector/Style 1/emote_idea.png
  artifactKey: Guid(addfbd319445a4f4ba8f9789ec0ee0a0) Importer(815301076,1909f56bfc062723c751e8b465ee728b)
Start importing Assets/Sprites/kenney_emotespack +-+/PNG/Vector/Style 1/emote_idea.png using Guid(addfbd319445a4f4ba8f9789ec0ee0a0) Importer(815301076,1909f56bfc062723c751e8b465ee728b)  -> (artifact id: 'dd273ba97a8ae143fb572e23fea04019') in 0.024154 seconds
Number of updated asset objects reloaded before import = 0
Number of asset objects unloaded after import = 3
========================================================================
Received Import Request.
  Time since last request: 0.000016 seconds.
  path: Assets/Sprites/kenney_emotespack +-+/PNG/Vector/Style 1/emote_sleep.png
  artifactKey: Guid(ec75313c1a2cec9478adcabec2c1dfc3) Importer(815301076,1909f56bfc062723c751e8b465ee728b)
Start importing Assets/Sprites/kenney_emotespack +-+/PNG/Vector/Style 1/emote_sleep.png using Guid(ec75313c1a2cec9478adcabec2c1dfc3) Importer(815301076,1909f56bfc062723c751e8b465ee728b)  -> (artifact id: '9e10be6f7e48cb4b09f2e062cdf69d7f') in 0.021176 seconds
Number of updated asset objects reloaded before import = 0
Number of asset objects unloaded after import = 3
========================================================================
Received Import Request.
  Time since last request: 0.000021 seconds.
  path: Assets/Sprites/kenney_emotespack +-+/PNG/Vector
  artifactKey: Guid(dc15369fd5749094fa375f1781896665) Importer(815301076,1909f56bfc062723c751e8b465ee728b)
Start importing Assets/Sprites/kenney_emotespack +-+/PNG/Vector using Guid(dc15369fd5749094fa375f1781896665) Importer(815301076,1909f56bfc062723c751e8b465ee728b)  -> (artifact id: '76fa22537fd7f215d05f1b4fbcff9827') in 0.000744 seconds
Number of updated asset objects reloaded before import = 0
Number of asset objects unloaded after import = 0
========================================================================
Received Import Request.
  Time since last request: 0.000052 seconds.
  path: Assets/Sprites/kenney_emotespack +-+/PNG/Vector/Style 1/emote_swirl.png
  artifactKey: Guid(f2757e717e347e54388d95cb3c192a36) Importer(815301076,1909f56bfc062723c751e8b465ee728b)
Start importing Assets/Sprites/kenney_emotespack +-+/PNG/Vector/Style 1/emote_swirl.png using Guid(f2757e717e347e54388d95cb3c192a36) Importer(815301076,1909f56bfc062723c751e8b465ee728b)  -> (artifact id: '83d0dca42dbe424dc1c4774f27e4e619') in 0.021037 seconds
Number of updated asset objects reloaded before import = 0
Number of asset objects unloaded after import = 3
========================================================================
Received Import Request.
  Time since last request: 0.000021 seconds.
  path: Assets/Sprites/kenney_emotespack +-+/PNG/Vector/Style 2/emote__.png
  artifactKey: Guid(b122b3d7e8f021445ba5fd5cbda93715) Importer(815301076,1909f56bfc062723c751e8b465ee728b)
Start importing Assets/Sprites/kenney_emotespack +-+/PNG/Vector/Style 2/emote__.png using Guid(b122b3d7e8f021445ba5fd5cbda93715) Importer(815301076,1909f56bfc062723c751e8b465ee728b)  -> (artifact id: '2500523e0d74da06baef491c5c09ab41') in 0.020667 seconds
Number of updated asset objects reloaded before import = 0
Number of asset objects unloaded after import = 3
========================================================================
Received Import Request.
  Time since last request: 0.000020 seconds.
  path: Assets/Sprites/kenney_emotespack +-+/PNG/Vector/Style 2/emote_anger.png
  artifactKey: Guid(7f681906f857f384286a661f1fa39d96) Importer(815301076,1909f56bfc062723c751e8b465ee728b)
Start importing Assets/Sprites/kenney_emotespack +-+/PNG/Vector/Style 2/emote_anger.png using Guid(7f681906f857f384286a661f1fa39d96) Importer(815301076,1909f56bfc062723c751e8b465ee728b)  -> (artifact id: 'abad40fe2a7ba5309d8db79e1e3538f0') in 0.020778 seconds
Number of updated asset objects reloaded before import = 0
Number of asset objects unloaded after import = 3
========================================================================
Received Import Request.
  Time since last request: 0.000024 seconds.
  path: Assets/Sprites/kenney_emotespack +-+/PNG/Vector/Style 2/emote_cross.png
  artifactKey: Guid(1bcb6f9520988614fbbf63cbacb0cadf) Importer(815301076,1909f56bfc062723c751e8b465ee728b)
Start importing Assets/Sprites/kenney_emotespack +-+/PNG/Vector/Style 2/emote_cross.png using Guid(1bcb6f9520988614fbbf63cbacb0cadf) Importer(815301076,1909f56bfc062723c751e8b465ee728b)  -> (artifact id: '3e9384ab0fe0061218449d7bc7ef6911') in 0.020892 seconds
Number of updated asset objects reloaded before import = 0
Number of asset objects unloaded after import = 3
========================================================================
Received Import Request.
  Time since last request: 0.000018 seconds.
  path: Assets/Sprites/kenney_emotespack +-+/PNG/Vector/Style 2/emote_dots1.png
  artifactKey: Guid(2db6d960c1702644383fc9f2aed05b61) Importer(815301076,1909f56bfc062723c751e8b465ee728b)
Start importing Assets/Sprites/kenney_emotespack +-+/PNG/Vector/Style 2/emote_dots1.png using Guid(2db6d960c1702644383fc9f2aed05b61) Importer(815301076,1909f56bfc062723c751e8b465ee728b)  -> (artifact id: '819daeb353cac60e7df0985b5beb8574') in 0.020106 seconds
Number of updated asset objects reloaded before import = 0
Number of asset objects unloaded after import = 3
========================================================================
Received Import Request.
  Time since last request: 0.000018 seconds.
  path: Assets/Sprites/kenney_emotespack +-+/PNG/Vector/Style 2/emote_dots2.png
  artifactKey: Guid(9aa02008da254824283fbcb47804be9e) Importer(815301076,1909f56bfc062723c751e8b465ee728b)
Start importing Assets/Sprites/kenney_emotespack +-+/PNG/Vector/Style 2/emote_dots2.png using Guid(9aa02008da254824283fbcb47804be9e) Importer(815301076,1909f56bfc062723c751e8b465ee728b)  -> (artifact id: '402b165c588bd9f717988222ffbfe69d') in 0.019686 seconds
Number of updated asset objects reloaded before import = 0
Number of asset objects unloaded after import = 3
========================================================================
Received Import Request.
  Time since last request: 0.000016 seconds.
  path: Assets/Sprites/kenney_emotespack +-+/PNG/Vector/Style 2/emote_faceHappy.png
  artifactKey: Guid(e7d00ecacf0b61946bcfec3d3191022e) Importer(815301076,1909f56bfc062723c751e8b465ee728b)
Start importing Assets/Sprites/kenney_emotespack +-+/PNG/Vector/Style 2/emote_faceHappy.png using Guid(e7d00ecacf0b61946bcfec3d3191022e) Importer(815301076,1909f56bfc062723c751e8b465ee728b)  -> (artifact id: '633751568dd84a9ba6e76bb1b57c36d2') in 0.020159 seconds
Number of updated asset objects reloaded before import = 0
Number of asset objects unloaded after import = 3
========================================================================
Received Import Request.
  Time since last request: 0.000021 seconds.
  path: Assets/Sprites/kenney_emotespack +-+/PNG/Vector/Style 2/emote_heart.png
  artifactKey: Guid(a13ac6a4383ccf24bb174d85757fcd83) Importer(815301076,1909f56bfc062723c751e8b465ee728b)
Start importing Assets/Sprites/kenney_emotespack +-+/PNG/Vector/Style 2/emote_heart.png using Guid(a13ac6a4383ccf24bb174d85757fcd83) Importer(815301076,1909f56bfc062723c751e8b465ee728b)  -> (artifact id: 'c269e62a79a7a32859859bf1091e6a80') in 0.019217 seconds
Number of updated asset objects reloaded before import = 0
Number of asset objects unloaded after import = 3
========================================================================
Received Import Request.
  Time since last request: 0.000030 seconds.
  path: Assets/Sprites/kenney_emotespack +-+/PNG/Vector/Style 2/emote_question.png
  artifactKey: Guid(da7c507484b0fb74491b139c849e5913) Importer(815301076,1909f56bfc062723c751e8b465ee728b)
Start importing Assets/Sprites/kenney_emotespack +-+/PNG/Vector/Style 2/emote_question.png using Guid(da7c507484b0fb74491b139c849e5913) Importer(815301076,1909f56bfc062723c751e8b465ee728b)  -> (artifact id: '0164fa9d94fe67d0112d6fdc42b17bb7') in 0.019553 seconds
Number of updated asset objects reloaded before import = 0
Number of asset objects unloaded after import = 3
========================================================================
Received Import Request.
  Time since last request: 0.000028 seconds.
  path: Assets/Sprites/kenney_emotespack +-+/PNG/Vector/Style 2/emote_sleeps.png
  artifactKey: Guid(fd8ed1fe059b9174ebe0911daf461170) Importer(815301076,1909f56bfc062723c751e8b465ee728b)
Start importing Assets/Sprites/kenney_emotespack +-+/PNG/Vector/Style 2/emote_sleeps.png using Guid(fd8ed1fe059b9174ebe0911daf461170) Importer(815301076,1909f56bfc062723c751e8b465ee728b)  -> (artifact id: 'b4c0aafa4ee9b4b783ffb91a2053bee0') in 0.021713 seconds
Number of updated asset objects reloaded before import = 0
Number of asset objects unloaded after import = 3
========================================================================
Received Import Request.
  Time since last request: 0.000021 seconds.
  path: Assets/Sprites/kenney_emotespack +-+/PNG/Vector/Style 2/emote_star.png
  artifactKey: Guid(d7b6418808fcbc948aff8f8027fb7fc6) Importer(815301076,1909f56bfc062723c751e8b465ee728b)
Start importing Assets/Sprites/kenney_emotespack +-+/PNG/Vector/Style 2/emote_star.png using Guid(d7b6418808fcbc948aff8f8027fb7fc6) Importer(815301076,1909f56bfc062723c751e8b465ee728b)  -> (artifact id: 'ec80f13a48456bdb94f7ab2376e58602') in 0.022204 seconds
Number of updated asset objects reloaded before import = 0
Number of asset objects unloaded after import = 3
========================================================================
Received Import Request.
  Time since last request: 0.000018 seconds.
  path: Assets/Sprites/kenney_emotespack +-+/PNG/Vector/Style 2/emote_cloud.png
  artifactKey: Guid(0c5319ae187d0034cb50941a5771ae83) Importer(815301076,1909f56bfc062723c751e8b465ee728b)
Start importing Assets/Sprites/kenney_emotespack +-+/PNG/Vector/Style 2/emote_cloud.png using Guid(0c5319ae187d0034cb50941a5771ae83) Importer(815301076,1909f56bfc062723c751e8b465ee728b)  -> (artifact id: '9afcc5d7a28e00372ff70b43a7de337b') in 0.022121 seconds
Number of updated asset objects reloaded before import = 0
Number of asset objects unloaded after import = 3
========================================================================
Received Import Request.
  Time since last request: 0.000019 seconds.
  path: Assets/Sprites/kenney_emotespack +-+/PNG/Vector/Style 2/emote_idea.png
  artifactKey: Guid(203e704a8282b2141ba0d4777e90a54c) Importer(815301076,1909f56bfc062723c751e8b465ee728b)
Start importing Assets/Sprites/kenney_emotespack +-+/PNG/Vector/Style 2/emote_idea.png using Guid(203e704a8282b2141ba0d4777e90a54c) Importer(815301076,1909f56bfc062723c751e8b465ee728b)  -> (artifact id: '7fe6dd51a359495de00a33fbc873eda2') in 0.022765 seconds
Number of updated asset objects reloaded before import = 0
Number of asset objects unloaded after import = 3
========================================================================
Received Import Request.
  Time since last request: 0.000018 seconds.
  path: Assets/Sprites/kenney_emotespack +-+/PNG/Vector/Style 2/emote_cash.png
  artifactKey: Guid(4812a6f1a1e99b14db92c8265881505c) Importer(815301076,1909f56bfc062723c751e8b465ee728b)
Start importing Assets/Sprites/kenney_emotespack +-+/PNG/Vector/Style 2/emote_cash.png using Guid(4812a6f1a1e99b14db92c8265881505c) Importer(815301076,1909f56bfc062723c751e8b465ee728b)  -> (artifact id: '5e1584d8d69ffa59356dc9ea775ed541') in 0.023151 seconds
Number of updated asset objects reloaded before import = 0
Number of asset objects unloaded after import = 3
========================================================================
Received Import Request.
  Time since last request: 0.000017 seconds.
  path: Assets/Sprites/kenney_emotespack +-+/PNG/Vector/Style 2/emote_faceSad.png
  artifactKey: Guid(bc8dde079360c9a4486fac8c359705bc) Importer(815301076,1909f56bfc062723c751e8b465ee728b)
Start importing Assets/Sprites/kenney_emotespack +-+/PNG/Vector/Style 2/emote_faceSad.png using Guid(bc8dde079360c9a4486fac8c359705bc) Importer(815301076,1909f56bfc062723c751e8b465ee728b)  -> (artifact id: 'de9188ad9f4650d568607d17487cb586') in 0.024247 seconds
Number of updated asset objects reloaded before import = 0
Number of asset objects unloaded after import = 3
========================================================================
Received Import Request.
  Time since last request: 0.000021 seconds.
  path: Assets/Sprites/kenney_emotespack +-+/PNG/Vector/Style 2/emote_drops.png
  artifactKey: Guid(526ec754acf736643b7948665695d7b3) Importer(815301076,1909f56bfc062723c751e8b465ee728b)
Start importing Assets/Sprites/kenney_emotespack +-+/PNG/Vector/Style 2/emote_drops.png using Guid(526ec754acf736643b7948665695d7b3) Importer(815301076,1909f56bfc062723c751e8b465ee728b)  -> (artifact id: '07ac248a71cafb8b8788518bd65f61ab') in 0.025539 seconds
Number of updated asset objects reloaded before import = 0
Number of asset objects unloaded after import = 3
========================================================================
Received Import Request.
  Time since last request: 6.322179 seconds.
  path: Assets/Sprites/kenney_emotespack +-+/PNG/Vector/Style 3/emote_anger.png
  artifactKey: Guid(67fc709d9f1515e46a6b3b1cfdf36245) Importer(815301076,1909f56bfc062723c751e8b465ee728b)
Start importing Assets/Sprites/kenney_emotespack +-+/PNG/Vector/Style 3/emote_anger.png using Guid(67fc709d9f1515e46a6b3b1cfdf36245) Importer(815301076,1909f56bfc062723c751e8b465ee728b)  -> (artifact id: 'd983090777f149ef34467608a57d094c') in 0.018992 seconds
Number of updated asset objects reloaded before import = 0
Number of asset objects unloaded after import = 3
========================================================================
Received Import Request.
  Time since last request: 0.000017 seconds.
  path: Assets/Sprites/kenney_emotespack +-+/PNG/Vector/Style 3/emote_circle.png
  artifactKey: Guid(89a9d8c8ad1557747a3129c1abbd4176) Importer(815301076,1909f56bfc062723c751e8b465ee728b)
Start importing Assets/Sprites/kenney_emotespack +-+/PNG/Vector/Style 3/emote_circle.png using Guid(89a9d8c8ad1557747a3129c1abbd4176) Importer(815301076,1909f56bfc062723c751e8b465ee728b)  -> (artifact id: '9f32812e70cebad26fad8202896510eb') in 0.022164 seconds
Number of updated asset objects reloaded before import = 0
Number of asset objects unloaded after import = 3
========================================================================
Received Import Request.
  Time since last request: 0.000017 seconds.
  path: Assets/Sprites/kenney_emotespack +-+/PNG/Vector/Style 3/emote_cloud.png
  artifactKey: Guid(a5d58ef24aaba4c4ea395213ded98276) Importer(815301076,1909f56bfc062723c751e8b465ee728b)
Start importing Assets/Sprites/kenney_emotespack +-+/PNG/Vector/Style 3/emote_cloud.png using Guid(a5d58ef24aaba4c4ea395213ded98276) Importer(815301076,1909f56bfc062723c751e8b465ee728b)  -> (artifact id: '23a776af721cbd47a820140a0e5e34c0') in 0.019924 seconds
Number of updated asset objects reloaded before import = 0
Number of asset objects unloaded after import = 3
========================================================================
Received Import Request.
  Time since last request: 0.000022 seconds.
  path: Assets/Sprites/kenney_emotespack +-+/PNG/Vector/Style 3/emote_drop.png
  artifactKey: Guid(829f4ad5ceb7301489cb4ff763463bbe) Importer(815301076,1909f56bfc062723c751e8b465ee728b)
Start importing Assets/Sprites/kenney_emotespack +-+/PNG/Vector/Style 3/emote_drop.png using Guid(829f4ad5ceb7301489cb4ff763463bbe) Importer(815301076,1909f56bfc062723c751e8b465ee728b)  -> (artifact id: 'a0857761cfbf666474e4243ffc493af0') in 0.021465 seconds
Number of updated asset objects reloaded before import = 0
Number of asset objects unloaded after import = 3
========================================================================
Received Import Request.
  Time since last request: 0.000027 seconds.
  path: Assets/Sprites/kenney_emotespack +-+/PNG/Vector/Style 3/emote_drops.png
  artifactKey: Guid(0c18a2592f431c245952a8be0494c69e) Importer(815301076,1909f56bfc062723c751e8b465ee728b)
Start importing Assets/Sprites/kenney_emotespack +-+/PNG/Vector/Style 3/emote_drops.png using Guid(0c18a2592f431c245952a8be0494c69e) Importer(815301076,1909f56bfc062723c751e8b465ee728b)  -> (artifact id: '1b5339de7855e8841061decd2a241b78') in 0.022586 seconds
Number of updated asset objects reloaded before import = 0
Number of asset objects unloaded after import = 3
========================================================================
Received Import Request.
  Time since last request: 0.000021 seconds.
  path: Assets/Sprites/kenney_emotespack +-+/PNG/Vector/Style 3/emote_faceAngry.png
  artifactKey: Guid(45aa05f55345f9c4189faf29896ba219) Importer(815301076,1909f56bfc062723c751e8b465ee728b)
Start importing Assets/Sprites/kenney_emotespack +-+/PNG/Vector/Style 3/emote_faceAngry.png using Guid(45aa05f55345f9c4189faf29896ba219) Importer(815301076,1909f56bfc062723c751e8b465ee728b)  -> (artifact id: '972fff1a7d27ea2e0fc2811feb40496d') in 0.020216 seconds
Number of updated asset objects reloaded before import = 0
Number of asset objects unloaded after import = 3
========================================================================
Received Import Request.
  Time since last request: 0.000018 seconds.
  path: Assets/Sprites/kenney_emotespack +-+/PNG/Vector/Style 3/emote_laugh.png
  artifactKey: Guid(529884425148729449e6d5085792fb4e) Importer(815301076,1909f56bfc062723c751e8b465ee728b)
Start importing Assets/Sprites/kenney_emotespack +-+/PNG/Vector/Style 3/emote_laugh.png using Guid(529884425148729449e6d5085792fb4e) Importer(815301076,1909f56bfc062723c751e8b465ee728b)  -> (artifact id: 'da5d22df02543babec8a2265f2a6d102') in 0.026163 seconds
Number of updated asset objects reloaded before import = 0
Number of asset objects unloaded after import = 3
========================================================================
Received Import Request.
  Time since last request: 0.000020 seconds.
  path: Assets/Sprites/kenney_emotespack +-+/PNG/Vector/Style 3/emote_sleeps.png
  artifactKey: Guid(8602f5aea37886043b3b651a2db7cc7b) Importer(815301076,1909f56bfc062723c751e8b465ee728b)
Start importing Assets/Sprites/kenney_emotespack +-+/PNG/Vector/Style 3/emote_sleeps.png using Guid(8602f5aea37886043b3b651a2db7cc7b) Importer(815301076,1909f56bfc062723c751e8b465ee728b)  -> (artifact id: '3bcc2572af7c40bbe823cf176d3b0cb2') in 0.022249 seconds
Number of updated asset objects reloaded before import = 0
Number of asset objects unloaded after import = 3
========================================================================
Received Import Request.
  Time since last request: 0.000017 seconds.
  path: Assets/Sprites/kenney_emotespack +-+/PNG/Vector/Style 3/emote_stars.png
  artifactKey: Guid(63a9069ba4d88f1428e9edd4f5295c88) Importer(815301076,1909f56bfc062723c751e8b465ee728b)
Start importing Assets/Sprites/kenney_emotespack +-+/PNG/Vector/Style 3/emote_stars.png using Guid(63a9069ba4d88f1428e9edd4f5295c88) Importer(815301076,1909f56bfc062723c751e8b465ee728b)  -> (artifact id: 'b732a9cc5449ab93e60eecf2247e6cac') in 0.042652 seconds
Number of updated asset objects reloaded before import = 0
Number of asset objects unloaded after import = 3
========================================================================
Received Import Request.
  Time since last request: 226.282753 seconds.
  path: Assets/Sprites/pixel ui pack 9-Slice/Colored/blue.png
  artifactKey: Guid(61202b380d8582842b25c3098b4bc28b) Importer(815301076,1909f56bfc062723c751e8b465ee728b)
Start importing Assets/Sprites/pixel ui pack 9-Slice/Colored/blue.png using Guid(61202b380d8582842b25c3098b4bc28b) Importer(815301076,1909f56bfc062723c751e8b465ee728b)  -> (artifact id: '74e23c4d099f620137c1051ba4ecaf07') in 0.021668 seconds
Number of updated asset objects reloaded before import = 0
Number of asset objects unloaded after import = 3
========================================================================
Received Import Request.
  Time since last request: 0.000016 seconds.
  path: Assets/Sprites/pixel ui pack 9-Slice/Colored/green.png
  artifactKey: Guid(1fb2b26f5b05bfb43b47eabf0b486f19) Importer(815301076,1909f56bfc062723c751e8b465ee728b)
Start importing Assets/Sprites/pixel ui pack 9-Slice/Colored/green.png using Guid(1fb2b26f5b05bfb43b47eabf0b486f19) Importer(815301076,1909f56bfc062723c751e8b465ee728b)  -> (artifact id: '46fac7343985dc07e1ec218c97287470') in 0.020372 seconds
Number of updated asset objects reloaded before import = 0
Number of asset objects unloaded after import = 3
========================================================================
Received Import Request.
  Time since last request: 0.000027 seconds.
  path: Assets/Sprites/pixel ui pack 9-Slice/Colored/red.png
  artifactKey: Guid(f8204f6a844413d4083cf89b8c37926f) Importer(815301076,1909f56bfc062723c751e8b465ee728b)
Start importing Assets/Sprites/pixel ui pack 9-Slice/Colored/red.png using Guid(f8204f6a844413d4083cf89b8c37926f) Importer(815301076,1909f56bfc062723c751e8b465ee728b)  -> (artifact id: '15f18ba6eacba61b4c663678633b6ddd') in 0.020353 seconds
Number of updated asset objects reloaded before import = 0
Number of asset objects unloaded after import = 3
========================================================================
Received Import Request.
  Time since last request: 0.000027 seconds.
  path: Assets/Sprites/pixel ui pack 9-Slice/Colored/yellow_pressed.png
  artifactKey: Guid(e331e33c486c521498ceb3ae4449bc05) Importer(815301076,1909f56bfc062723c751e8b465ee728b)
Start importing Assets/Sprites/pixel ui pack 9-Slice/Colored/yellow_pressed.png using Guid(e331e33c486c521498ceb3ae4449bc05) Importer(815301076,1909f56bfc062723c751e8b465ee728b)  -> (artifact id: '6bc91b24da39b939361d1591416e2e4c') in 0.023834 seconds
Number of updated asset objects reloaded before import = 0
Number of asset objects unloaded after import = 3
========================================================================
Received Import Request.
  Time since last request: 0.000023 seconds.
  path: Assets/Sprites/pixel ui pack 9-Slice/Colored/yellow.png
  artifactKey: Guid(e5c530aa79aa29f468adb0b90a941d7b) Importer(815301076,1909f56bfc062723c751e8b465ee728b)
Start importing Assets/Sprites/pixel ui pack 9-Slice/Colored/yellow.png using Guid(e5c530aa79aa29f468adb0b90a941d7b) Importer(815301076,1909f56bfc062723c751e8b465ee728b)  -> (artifact id: 'fe2e84e98398da70afcde705491689bb') in 0.020520 seconds
Number of updated asset objects reloaded before import = 0
Number of asset objects unloaded after import = 3
========================================================================
Received Import Request.
  Time since last request: 1.417710 seconds.
  path: Assets/Sprites/pixel ui pack 9-Slice/list.png
  artifactKey: Guid(2e18f685844c2c841aa4dbb1820ce692) Importer(815301076,1909f56bfc062723c751e8b465ee728b)
Start importing Assets/Sprites/pixel ui pack 9-Slice/list.png using Guid(2e18f685844c2c841aa4dbb1820ce692) Importer(815301076,1909f56bfc062723c751e8b465ee728b)  -> (artifact id: '506541020e0f2358ba39ed0e0f024861') in 0.018935 seconds
Number of updated asset objects reloaded before import = 0
Number of asset objects unloaded after import = 3
========================================================================
Received Import Request.
  Time since last request: 7.547747 seconds.
  path: Assets/Sprites/pixel ui pack 9-Slice/Outline/blue_pressed.png
  artifactKey: Guid(baf64f19ce6474c4a8f115d29d88f036) Importer(815301076,1909f56bfc062723c751e8b465ee728b)
Start importing Assets/Sprites/pixel ui pack 9-Slice/Outline/blue_pressed.png using Guid(baf64f19ce6474c4a8f115d29d88f036) Importer(815301076,1909f56bfc062723c751e8b465ee728b)  -> (artifact id: 'c57340867716eed817a292b4bd3ed841') in 0.017160 seconds
Number of updated asset objects reloaded before import = 0
Number of asset objects unloaded after import = 3
========================================================================
Received Import Request.
  Time since last request: 0.000016 seconds.
  path: Assets/Sprites/pixel ui pack 9-Slice/Outline/red.png
  artifactKey: Guid(d6f8acdb33841b2468f16e709220c1db) Importer(815301076,1909f56bfc062723c751e8b465ee728b)
Start importing Assets/Sprites/pixel ui pack 9-Slice/Outline/red.png using Guid(d6f8acdb33841b2468f16e709220c1db) Importer(815301076,1909f56bfc062723c751e8b465ee728b)  -> (artifact id: '4acb75f43a86987b6e2cc3f1b136d841') in 0.018195 seconds
Number of updated asset objects reloaded before import = 0
Number of asset objects unloaded after import = 3
========================================================================
Received Import Request.
  Time since last request: 0.000019 seconds.
  path: Assets/Sprites/pixel ui pack 9-Slice/Outline/yellow.png
  artifactKey: Guid(c9a6fe76a07aa7942a710779df83c0ea) Importer(815301076,1909f56bfc062723c751e8b465ee728b)
Start importing Assets/Sprites/pixel ui pack 9-Slice/Outline/yellow.png using Guid(c9a6fe76a07aa7942a710779df83c0ea) Importer(815301076,1909f56bfc062723c751e8b465ee728b)  -> (artifact id: 'fdfcb5e55e8cb55b4cd92fbcf971c629') in 0.019854 seconds
Number of updated asset objects reloaded before import = 0
Number of asset objects unloaded after import = 3
========================================================================
Received Import Request.
  Time since last request: 0.000023 seconds.
  path: Assets/Sprites/pixel ui pack 9-Slice/Outline/green_pressed.png
  artifactKey: Guid(6d7b1bf4f465dde4f819163c0318202f) Importer(815301076,1909f56bfc062723c751e8b465ee728b)
Start importing Assets/Sprites/pixel ui pack 9-Slice/Outline/green_pressed.png using Guid(6d7b1bf4f465dde4f819163c0318202f) Importer(815301076,1909f56bfc062723c751e8b465ee728b)  -> (artifact id: '4e479935e3780b1b3600978ce0882e9d') in 0.018963 seconds
Number of updated asset objects reloaded before import = 0
Number of asset objects unloaded after import = 3
========================================================================
Received Import Request.
  Time since last request: 7.033292 seconds.
  path: Assets/Sprites/pixel ui pack 9-Slice/Ancient/brown_inlay.png
  artifactKey: Guid(07d4fa4f3746b5f4397fcfa077d344a9) Importer(815301076,1909f56bfc062723c751e8b465ee728b)
Start importing Assets/Sprites/pixel ui pack 9-Slice/Ancient/brown_inlay.png using Guid(07d4fa4f3746b5f4397fcfa077d344a9) Importer(815301076,1909f56bfc062723c751e8b465ee728b)  -> (artifact id: 'f07f18c43091476a04973400ad2398cd') in 0.029800 seconds
Number of updated asset objects reloaded before import = 0
Number of asset objects unloaded after import = 3
========================================================================
Received Import Request.
  Time since last request: 0.000025 seconds.
  path: Assets/Sprites/pixel ui pack 9-Slice/Ancient/grey_pressed.png
  artifactKey: Guid(01d4b20f37f3b584690205fa00bb69af) Importer(815301076,1909f56bfc062723c751e8b465ee728b)
Start importing Assets/Sprites/pixel ui pack 9-Slice/Ancient/grey_pressed.png using Guid(01d4b20f37f3b584690205fa00bb69af) Importer(815301076,1909f56bfc062723c751e8b465ee728b)  -> (artifact id: '488ba16a9b4a6ecf2e8784a9b4243f28') in 0.033855 seconds
Number of updated asset objects reloaded before import = 0
Number of asset objects unloaded after import = 3
========================================================================
Received Import Request.
  Time since last request: 0.000027 seconds.
  path: Assets/Sprites/pixel ui pack 9-Slice/Ancient/white.png
  artifactKey: Guid(8d4ce3b5620557841add50fe38a8cbcb) Importer(815301076,1909f56bfc062723c751e8b465ee728b)
Start importing Assets/Sprites/pixel ui pack 9-Slice/Ancient/white.png using Guid(8d4ce3b5620557841add50fe38a8cbcb) Importer(815301076,1909f56bfc062723c751e8b465ee728b)  -> (artifact id: 'a3d0a834e84c9627e326f76d8e2d6177') in 0.027728 seconds
Number of updated asset objects reloaded before import = 0
Number of asset objects unloaded after import = 3
========================================================================
Received Import Request.
  Time since last request: 0.000024 seconds.
  path: Assets/Sprites/pixel ui pack 9-Slice/Ancient/tan_pressed.png
  artifactKey: Guid(41acbb44b6c9d2244851da1a2dc15b30) Importer(815301076,1909f56bfc062723c751e8b465ee728b)
Start importing Assets/Sprites/pixel ui pack 9-Slice/Ancient/tan_pressed.png using Guid(41acbb44b6c9d2244851da1a2dc15b30) Importer(815301076,1909f56bfc062723c751e8b465ee728b)  -> (artifact id: '468dec7705de9fb9d59649473d5546f7') in 0.050004 seconds
Number of updated asset objects reloaded before import = 0
Number of asset objects unloaded after import = 3
========================================================================
Received Import Request.
  Time since last request: 18.283616 seconds.
  path: Assets/Sprites/main 1bitpack_kenney_1.1 +-+/Sample_fantasy.png
  artifactKey: Guid(cb23794ceab895240a99f3f5f2126e2a) Importer(815301076,1909f56bfc062723c751e8b465ee728b)
Start importing Assets/Sprites/main 1bitpack_kenney_1.1 +-+/Sample_fantasy.png using Guid(cb23794ceab895240a99f3f5f2126e2a) Importer(815301076,1909f56bfc062723c751e8b465ee728b)  -> (artifact id: 'ef60bfd2068c0fda5d61a0e0cc24912d') in 0.064800 seconds
Number of updated asset objects reloaded before import = 0
Number of asset objects unloaded after import = 3
Editor requested this worker to shutdown with reason: Scaling down because of idle timeout
TcpMessagingSession - receive error: operation aborted. errorcode: 995, details: ќпераци€ ввода/вывода была прервана из-за завершени€ потока команд или по запросу приложени€.
AssetImportWorker is now disconnected from the server
Process exiting
Exiting without the bug reporter. Application will terminate with return code 0